Sat Jul 05 2014 16:08:17 GMT-0700 (PDT):
{ [Error: Error: Website with given name shortly-deploy already exists.]
  stack: [Getter/Setter],
  __frame: 
   { name: 'createSite',
     line: 385,
     file: '/Users/student/.nvm/v0.10.26/lib/node_modules/azure-cli/lib/commands/asm/site._js',
     prev: 
      { name: '__4',
        line: 202,
        file: '/Users/student/.nvm/v0.10.26/lib/node_modules/azure-cli/lib/commands/asm/site._js',
        prev: undefined,
        active: false,
        offset: 50,
        col: 12 },
     active: false,
     offset: 20,
     col: 21 },
  rawStack: [Getter] }
Error: Error: Website with given name shortly-deploy already exists.
    at createSite__4 (/Users/student/.nvm/v0.10.26/lib/node_modules/azure-cli/lib/commands/asm/websites/websitesclient._js:312:34)
    at createSite (/Users/student/.nvm/v0.10.26/lib/node_modules/azure-cli/lib/commands/asm/site._js:405:21)
    at __4 (/Users/student/.nvm/v0.10.26/lib/node_modules/azure-cli/lib/commands/asm/site._js:252:12)

